e:\document\【college】\database practicum\gsms-qt\gsms\gsms\debug\vc140.pdb
e:\document\【college】\database practicum\gsms-qt\gsms\gsms\debug\main.obj
e:\document\【college】\database practicum\gsms-qt\gsms\gsms\debug\login.obj
e:\document\【college】\database practicum\gsms-qt\gsms\gsms\debug\gsms.obj
e:\document\【college】\database practicum\gsms-qt\gsms\gsms\debug\moc_login.obj
e:\document\【college】\database practicum\gsms-qt\gsms\gsms\debug\moc_gsms.obj
e:\document\【college】\database practicum\gsms-qt\gsms\gsms\debug\qrc_icon.obj
e:\document\【college】\database practicum\gsms-qt\gsms\gsms\debug\qrc_gsms.obj
e:\document\【college】\database practicum\gsms-qt\gsms\gsms\generatedfiles\debug\moc_gsms.cpp
e:\document\【college】\database practicum\gsms-qt\gsms\gsms\generatedfiles\debug\moc_login.cpp
e:\document\【college】\database practicum\gsms-qt\gsms\gsms\generatedfiles\qrc_gsms.cpp
e:\document\【college】\database practicum\gsms-qt\gsms\gsms\generatedfiles\ui_gsms.h
e:\document\【college】\database practicum\gsms-qt\gsms\gsms\generatedfiles\ui_login.h
e:\document\【college】\database practicum\gsms-qt\gsms\gsms\generatedfiles\qrc_icon.cpp
e:\document\【college】\database practicum\gsms-qt\gsms\win32\debug\gsms.ilk
e:\document\【college】\database practicum\gsms-qt\gsms\win32\debug\gsms.exe
e:\document\【college】\database practicum\gsms-qt\gsms\win32\debug\gsms.pdb
e:\document\【college】\database practicum\gsms-qt\gsms\gsms\debug\gsms.tlog\cl.command.1.tlog
e:\document\【college】\database practicum\gsms-qt\gsms\gsms\debug\gsms.tlog\cl.read.1.tlog
e:\document\【college】\database practicum\gsms-qt\gsms\gsms\debug\gsms.tlog\cl.write.1.tlog
e:\document\【college】\database practicum\gsms-qt\gsms\gsms\debug\gsms.tlog\custombuild.command.1.tlog
e:\document\【college】\database practicum\gsms-qt\gsms\gsms\debug\gsms.tlog\custombuild.read.1.tlog
e:\document\【college】\database practicum\gsms-qt\gsms\gsms\debug\gsms.tlog\custombuild.write.1.tlog
e:\document\【college】\database practicum\gsms-qt\gsms\gsms\debug\gsms.tlog\link.command.1.tlog
e:\document\【college】\database practicum\gsms-qt\gsms\gsms\debug\gsms.tlog\link.read.1.tlog
e:\document\【college】\database practicum\gsms-qt\gsms\gsms\debug\gsms.tlog\link.write.1.tlog
